<?xml version="1.0" encoding="UTF-8"?>
<!-- Generated by org.testng.reporters.JUnitReportReporter -->
<testsuite hostname="AjithNS" failures="0" tests="1" name="superAdmin.BWS6_AddProjects" time="65.673" errors="0" timestamp="02 Jul 2021 18:32:17 GMT" skipped="0">
  <testcase classname="superAdmin.BWS6_AddProjects" name="AddProject" time="65.673"/>
</testsuite> <!-- superAdmin.BWS6_AddProjects -->
