<?xml version="1.0" encoding="UTF-8"?>
<!-- Generated by org.testng.reporters.JUnitReportReporter -->
<testsuite hostname="AjithNS" failures="0" tests="1" name="superAdmin.BWS4_EditAdmin" time="15.209" errors="0" timestamp="02 Jul 2021 18:32:17 GMT" skipped="0">
  <testcase classname="superAdmin.BWS4_EditAdmin" name="EditAdmin" time="15.209"/>
</testsuite> <!-- superAdmin.BWS4_EditAdmin -->
