<?xml version="1.0" encoding="UTF-8"?>
<!-- Generated by org.testng.reporters.JUnitReportReporter -->
<testsuite hostname="AjithNS" failures="0" tests="1" name="superAdmin.BWS7_ViewProject" time="14.392" errors="0" timestamp="02 Jul 2021 18:32:16 GMT" skipped="0">
  <testcase classname="superAdmin.BWS7_ViewProject" name="ViewProject" time="14.392"/>
</testsuite> <!-- superAdmin.BWS7_ViewProject -->
