<?xml version="1.0" encoding="UTF-8"?>
<!-- Generated by org.testng.reporters.JUnitReportReporter -->
<testsuite hostname="AjithNS" failures="0" tests="1" name="superAdmin.BWS5_SearchAdmin" time="14.756" errors="0" timestamp="02 Jul 2021 18:32:16 GMT" skipped="0">
  <testcase classname="superAdmin.BWS5_SearchAdmin" name="Login" time="14.756"/>
</testsuite> <!-- superAdmin.BWS5_SearchAdmin -->
