<?xml version="1.0" encoding="UTF-8"?>
<!-- Generated by org.testng.reporters.JUnitReportReporter -->
<testsuite hostname="AjithNS" failures="0" tests="1" name="superAdmin.BWS902_Message" time="23.971" errors="0" timestamp="02 Jul 2021 18:32:16 GMT" skipped="0">
  <testcase classname="superAdmin.BWS902_Message" name="Login" time="23.971"/>
</testsuite> <!-- superAdmin.BWS902_Message -->
