<?xml version="1.0" encoding="UTF-8"?>
<!-- Generated by org.testng.reporters.JUnitReportReporter -->
<testsuite hostname="Desktop-KP-01" failures="0" tests="1" name="superAdmin.BWS1_Login" time="23.382" errors="0" timestamp="13 Sep 2021 15:48:50 GMT" skipped="0">
  <testcase classname="superAdmin.BWS1_Login" name="Login" time="23.382"/>
</testsuite> <!-- superAdmin.BWS1_Login -->
