<?xml version="1.0" encoding="UTF-8"?>
<!-- Generated by org.testng.reporters.JUnitReportReporter -->
<testsuite hostname="Desktop-KP-01" failures="0" tests="1" name="superadmin_ViewUser.ccc" time="24.980" errors="0" timestamp="15 Jul 2021 08:21:12 GMT" skipped="0">
  <testcase classname="superadmin_ViewUser.ccc" name="parallel" time="24.980"/>
</testsuite> <!-- superadmin_ViewUser.ccc -->
